<?xml version="1.0" encoding="UTF-8"?>
<!-- Generated by org.testng.reporters.JUnitXMLReporter -->
<testsuite ignored="0" hostname="LAPTOP-A62KO58V" failures="0" tests="1" name="Test-Runner-2" time="123.485" errors="0" timestamp="2023-05-03T16:44:25 IST">
  <testcase classname="vTiger.TestNG.CreateContactWithOrganizationUsingTestNGTest" name="createContactWithOrgTest" time="70.79"/>
</testsuite> <!-- Test-Runner-2 -->
