<?xml version="1.0" encoding="UTF-8"?>
<!-- Generated by org.testng.reporters.JUnitXMLReporter -->
<testsuite ignored="0" hostname="LAPTOP-A62KO58V" failures="0" tests="1" name="Test-Runner-Chrome" time="56.831" errors="0" timestamp="2023-05-03T17:02:20 IST">
  <testcase classname="vTiger.TestNG.CreateContactWithOrganizationUsingTestNGTest" name="createContactWithOrgTest" time="38.011"/>
</testsuite> <!-- Test-Runner-Chrome -->
