<?xml version="1.0" encoding="UTF-8"?>
<!-- Generated by org.testng.reporters.JUnitXMLReporter -->
<testsuite ignored="0" hostname="LAPTOP-A62KO58V" failures="0" tests="2" name="Test-Runner-1" time="114.862" errors="0" timestamp="2023-05-03T16:44:17 IST">
  <testcase classname="vTiger.OrganizationsTests.CreateNewOrganizationTest" name="createNewOrgTest" time="51.556"/>
  <testcase classname="vTiger.OrganizationsTests.CreateNewOrganizationTest" name="demo" time="0.003"/>
</testsuite> <!-- Test-Runner-1 -->
