<?xml version="1.0" encoding="UTF-8"?>
<!-- Generated by org.testng.reporters.JUnitReportReporter -->
<testsuite hostname="LAPTOP-A62KO58V" failures="0" tests="5" name="vTiger.Practice.DataProviderApperalsPractice" time="0.044" errors="0" timestamp="2023-05-02T08:41:39 IST" skipped="0">
  <testcase classname="vTiger.Practice.DataProviderApperalsPractice" name="apperalsData" time="0.002"/>
  <system-out/>
  <testcase classname="vTiger.Practice.DataProviderApperalsPractice" name="apperalsData" time="0.002"/>
  <system-out/>
  <testcase classname="vTiger.Practice.DataProviderApperalsPractice" name="apperalsData" time="0.005"/>
  <system-out/>
  <testcase classname="vTiger.Practice.DataProviderApperalsPractice" name="apperalsData" time="0.002"/>
  <system-out/>
  <testcase classname="vTiger.Practice.DataProviderApperalsPractice" name="apperalsData" time="0.033"/>
  <system-out/>
</testsuite> <!-- vTiger.Practice.DataProviderApperalsPractice -->
