<?xml version="1.0" encoding="UTF-8"?>
<!-- Generated by org.testng.reporters.JUnitReportReporter -->
<testsuite hostname="LAPTOP-A62KO58V" failures="0" tests="1" name="vTiger.TestNG.CreateContactWithOrganizationUsingTestNGTest" time="36.261" errors="0" timestamp="2023-05-12T16:59:22 IST" skipped="0">
  <testcase classname="vTiger.TestNG.CreateContactWithOrganizationUsingTestNGTest" name="createContactWithOrgTest" time="36.261"/>
  <system-out/>
</testsuite> <!-- vTiger.TestNG.CreateContactWithOrganizationUsingTestNGTest -->
