<?xml version="1.0" encoding="UTF-8"?>
<!-- Generated by org.testng.reporters.JUnitReportReporter -->
<testsuite hostname="LAPTOP-A62KO58V" failures="0" tests="5" name="vTiger.OrganizationsTests.CreateMultipleOrgWithIndustryTest" time="132.600" errors="0" timestamp="2023-05-12T17:02:21 IST" skipped="0">
  <testcase classname="vTiger.OrganizationsTests.CreateMultipleOrgWithIndustryTest" name="createMultipleOrgTest" time="29.558"/>
  <system-out/>
  <testcase classname="vTiger.OrganizationsTests.CreateMultipleOrgWithIndustryTest" name="createMultipleOrgTest" time="28.182"/>
  <system-out/>
  <testcase classname="vTiger.OrganizationsTests.CreateMultipleOrgWithIndustryTest" name="createMultipleOrgTest" time="22.039"/>
  <system-out/>
  <testcase classname="vTiger.OrganizationsTests.CreateMultipleOrgWithIndustryTest" name="createMultipleOrgTest" time="28.750"/>
  <system-out/>
  <testcase classname="vTiger.OrganizationsTests.CreateMultipleOrgWithIndustryTest" name="createMultipleOrgTest" time="24.071"/>
  <system-out/>
</testsuite> <!-- vTiger.OrganizationsTests.CreateMultipleOrgWithIndustryTest -->
