<?xml version="1.0" encoding="UTF-8"?>
<!-- Generated by org.testng.reporters.JUnitReportReporter -->
<testsuite hostname="LAPTOP-A62KO58V" failures="0" tests="3" name="vTiger.Practice.DataProviderPractice" time="0.037" errors="0" timestamp="2023-05-02T08:31:47 IST" skipped="0">
  <testcase classname="vTiger.Practice.DataProviderPractice" name="sampleTest" time="0.002"/>
  <system-out/>
  <testcase classname="vTiger.Practice.DataProviderPractice" name="sampleTest" time="0.033"/>
  <system-out/>
  <testcase classname="vTiger.Practice.DataProviderPractice" name="sampleTest" time="0.002"/>
  <system-out/>
</testsuite> <!-- vTiger.Practice.DataProviderPractice -->
