<?xml version="1.0" encoding="UTF-8"?>
<!-- Generated by org.testng.reporters.JUnitReportReporter -->
<testsuite hostname="LAPTOP-A62KO58V" failures="0" tests="1" name="vTiger.Practice.ReadDataFromCmdLine" time="0.016" errors="0" timestamp="2023-05-12T19:10:51 IST" skipped="0">
  <testcase classname="vTiger.Practice.ReadDataFromCmdLine" name="readDta" time="0.016"/>
  <system-out/>
</testsuite> <!-- vTiger.Practice.ReadDataFromCmdLine -->
